[debug] [2024-05-07T23:10:21.992Z] ----------------------------------------------------------------------
[debug] [2024-05-07T23:10:21.998Z] Command:       C:\Program Files\nodejs\node.exe C:\Users\Deivid Analista\AppData\Roaming\npm\node_modules\firebase-tools\lib\bin\firebase.js init
[debug] [2024-05-07T23:10:21.999Z] CLI Version:   13.7.2
[debug] [2024-05-07T23:10:21.999Z] Platform:      win32
[debug] [2024-05-07T23:10:21.999Z] Node Version:  v20.11.1
[debug] [2024-05-07T23:10:22.000Z] Time:          Tue May 07 2024 20:10:22 GMT-0300 (Horário Padrão de Brasília)
[debug] [2024-05-07T23:10:22.000Z] ----------------------------------------------------------------------
[debug] 
[debug] [2024-05-07T23:10:22.155Z] Object "" in "firebase.json" has unknown property: {"additionalProperty":"rewrites"}
[debug] [2024-05-07T23:10:22.167Z] > command requires scopes: ["email","openid","https://www.googleapis.com/auth/cloudplatformprojects.readonly","https://www.googleapis.com/auth/firebase","https://www.googleapis.com/auth/cloud-platform"]
[debug] [2024-05-07T23:10:22.168Z] > authorizing via signed-in user (projetosdevti@gmail.com)
[debug] [2024-05-07T23:10:22.170Z] Object "" in "firebase.json" has unknown property: {"additionalProperty":"rewrites"}
[info] 
     ######## #### ########  ######## ########     ###     ######  ########
     ##        ##  ##     ## ##       ##     ##  ##   ##  ##       ##
     ######    ##  ########  ######   ########  #########  ######  ######
     ##        ##  ##    ##  ##       ##     ## ##     ##       ## ##
     ##       #### ##     ## ######## ########  ##     ##  ######  ########

You're about to initialize a Firebase project in this directory:

  C:\Users\Deivid Analista\Documents\PROJETO\SENAC- APP WEB\senac-web

Before we get started, keep in mind:

  * You are initializing within an existing Firebase project directory

[info] 
=== Project Setup
[info] 
[info] First, let's associate this project directory with a Firebase project.
[info] You can create multiple project aliases by running firebase use --add, 
[info] but for now we'll just set up a default project.
[info] 
[debug] [2024-05-07T23:10:31.988Z] Using project from CLI flag: web-senac
[debug] [2024-05-07T23:10:31.993Z] >>> [apiv2][query] GET https://firebase.googleapis.com/v1beta1/projects/web-senac [none]
[debug] [2024-05-07T23:10:32.613Z] <<< [apiv2][status] GET https://firebase.googleapis.com/v1beta1/projects/web-senac 200
[debug] [2024-05-07T23:10:32.613Z] <<< [apiv2][body] GET https://firebase.googleapis.com/v1beta1/projects/web-senac {"projectId":"web-senac","projectNumber":"499922571929","displayName":"Web Senac","name":"projects/web-senac","resources":{"hostingSite":"web-senac","realtimeDatabaseInstance":"web-senac-default-rtdb"},"state":"ACTIVE","etag":"1_3c7be102-7e71-410c-baaf-52bdafaf2135"}
[info] i  Using project web-senac (Web Senac) 
[info] 
=== Hosting Setup
[debug] [2024-05-07T23:10:32.623Z] >>> [apiv2][query] GET https://firebase.googleapis.com/v1beta1/projects/web-senac [none]
[debug] [2024-05-07T23:10:32.945Z] <<< [apiv2][status] GET https://firebase.googleapis.com/v1beta1/projects/web-senac 200
[debug] [2024-05-07T23:10:32.945Z] <<< [apiv2][body] GET https://firebase.googleapis.com/v1beta1/projects/web-senac {"projectId":"web-senac","projectNumber":"499922571929","displayName":"Web Senac","name":"projects/web-senac","resources":{"hostingSite":"web-senac","realtimeDatabaseInstance":"web-senac-default-rtdb"},"state":"ACTIVE","etag":"1_3c7be102-7e71-410c-baaf-52bdafaf2135"}
[info] 
[info] Your public directory is the folder (relative to your project directory) that
[info] will contain Hosting assets to be uploaded with firebase deploy. If you
[info] have a build process for your assets, use your build's output directory.
[info] 
[debug] [2024-05-07T23:12:00.092Z] >>> [apiv2][query] GET https://www.gstatic.com/firebasejs/releases.json [none]
[debug] [2024-05-07T23:12:03.278Z] <<< [apiv2][status] GET https://www.gstatic.com/firebasejs/releases.json 200
[debug] [2024-05-07T23:12:03.279Z] <<< [apiv2][body] GET https://www.gstatic.com/firebasejs/releases.json {"current":{"version":"10.11.1","browserURL":"https://www.gstatic.com/firebasejs/10.11.1/firebase.js","packageURL":"https://www.gstatic.com/firebasejs/10.11.1/firebase.tgz"},"live":{"version":"10.11","browserURL":"https://www.gstatic.com/firebasejs/live/10.11/firebase.js","packageURL":"https://www.gstatic.com/firebasejs/live/10.11/firebase.tgz"},"components":{"analytics":"https://www.gstatic.com/firebasejs/10.11.1/firebase-analytics.js","app":"https://www.gstatic.com/firebasejs/10.11.1/firebase-app.js","app-check":"https://www.gstatic.com/firebasejs/10.11.1/firebase-app-check.js","auth":"https://www.gstatic.com/firebasejs/10.11.1/firebase-auth.js","auth/cordova":"https://www.gstatic.com/firebasejs/10.11.1/firebase-auth/cordova.js","auth/web-extension":"https://www.gstatic.com/firebasejs/10.11.1/firebase-auth/web-extension.js","functions":"https://www.gstatic.com/firebasejs/10.11.1/firebase-functions.js","firestore":"https://www.gstatic.com/firebasejs/10.11.1/firebase-firestore.js","firestore/lite":"https://www.gstatic.com/firebasejs/10.11.1/firebase-firestore/lite.js","installations":"https://www.gstatic.com/firebasejs/10.11.1/firebase-installations.js","storage":"https://www.gstatic.com/firebasejs/10.11.1/firebase-storage.js","performance":"https://www.gstatic.com/firebasejs/10.11.1/firebase-performance.js","remote-config":"https://www.gstatic.com/firebasejs/10.11.1/firebase-remote-config.js","messaging":"https://www.gstatic.com/firebasejs/10.11.1/firebase-messaging.js","messaging/sw":"https://www.gstatic.com/firebasejs/10.11.1/firebase-messaging/sw.js","database":"https://www.gstatic.com/firebasejs/10.11.1/firebase-database.js","firestore.memory":"https://www.gstatic.com/firebasejs/10.11.1/firebase-firestore.memory.js"}}
[info] i  Skipping write of build/index.html 
[info] 
[info] i  Writing configuration info to firebase.json... 
[info] i  Writing project information to .firebaserc... 
[info] 
[info] +  Firebase initialization complete! 
[debug] [2024-05-07T23:12:16.980Z] Error: Timed out.
    at Timeout._onTimeout (C:\Users\Deivid Analista\AppData\Roaming\npm\node_modules\firebase-tools\lib\utils.js:258:49)
    at listOnTimeout (node:internal/timers:573:17)
    at process.processTimers (node:internal/timers:514:7)
[error] 
[error] Error: An unexpected error has occurred.
[debug] [2024-05-07T23:15:10.480Z] ----------------------------------------------------------------------
[debug] [2024-05-07T23:15:10.485Z] Command:       C:\Program Files\nodejs\node.exe C:\Users\Deivid Analista\AppData\Roaming\npm\node_modules\firebase-tools\lib\bin\firebase.js init
[debug] [2024-05-07T23:15:10.486Z] CLI Version:   13.7.2
[debug] [2024-05-07T23:15:10.486Z] Platform:      win32
[debug] [2024-05-07T23:15:10.486Z] Node Version:  v20.11.1
[debug] [2024-05-07T23:15:10.486Z] Time:          Tue May 07 2024 20:15:10 GMT-0300 (Horário Padrão de Brasília)
[debug] [2024-05-07T23:15:10.487Z] ----------------------------------------------------------------------
[debug] 
[debug] [2024-05-07T23:15:10.658Z] Object "" in "firebase.json" has unknown property: {"additionalProperty":"rewrites"}
[debug] [2024-05-07T23:15:10.665Z] > command requires scopes: ["email","openid","https://www.googleapis.com/auth/cloudplatformprojects.readonly","https://www.googleapis.com/auth/firebase","https://www.googleapis.com/auth/cloud-platform"]
[debug] [2024-05-07T23:15:10.666Z] > authorizing via signed-in user (projetosdevti@gmail.com)
[debug] [2024-05-07T23:15:10.667Z] Object "" in "firebase.json" has unknown property: {"additionalProperty":"rewrites"}
[info] 
     ######## #### ########  ######## ########     ###     ######  ########
     ##        ##  ##     ## ##       ##     ##  ##   ##  ##       ##
     ######    ##  ########  ######   ########  #########  ######  ######
     ##        ##  ##    ##  ##       ##     ## ##     ##       ## ##
     ##       #### ##     ## ######## ########  ##     ##  ######  ########

You're about to initialize a Firebase project in this directory:

  C:\Users\Deivid Analista\Documents\PROJETO\SENAC- APP WEB\senac-web

Before we get started, keep in mind:

  * You are initializing within an existing Firebase project directory

[info] 
=== Project Setup
[info] 
[info] First, let's associate this project directory with a Firebase project.
[info] You can create multiple project aliases by running firebase use --add, 
[info] but for now we'll just set up a default project.
[info] 
[debug] [2024-05-07T23:15:32.985Z] Using project from CLI flag: web-senac
[debug] [2024-05-07T23:15:32.989Z] >>> [apiv2][query] GET https://firebase.googleapis.com/v1beta1/projects/web-senac [none]
[debug] [2024-05-07T23:15:33.762Z] <<< [apiv2][status] GET https://firebase.googleapis.com/v1beta1/projects/web-senac 200
[debug] [2024-05-07T23:15:33.762Z] <<< [apiv2][body] GET https://firebase.googleapis.com/v1beta1/projects/web-senac {"projectId":"web-senac","projectNumber":"499922571929","displayName":"Web Senac","name":"projects/web-senac","resources":{"hostingSite":"web-senac","realtimeDatabaseInstance":"web-senac-default-rtdb"},"state":"ACTIVE","etag":"1_3c7be102-7e71-410c-baaf-52bdafaf2135"}
[info] i  Using project web-senac (Web Senac) 
[info] 
=== Hosting Setup
[debug] [2024-05-07T23:15:33.795Z] >>> [apiv2][query] GET https://firebase.googleapis.com/v1beta1/projects/web-senac [none]
[debug] [2024-05-07T23:15:34.161Z] <<< [apiv2][status] GET https://firebase.googleapis.com/v1beta1/projects/web-senac 200
[debug] [2024-05-07T23:15:34.161Z] <<< [apiv2][body] GET https://firebase.googleapis.com/v1beta1/projects/web-senac {"projectId":"web-senac","projectNumber":"499922571929","displayName":"Web Senac","name":"projects/web-senac","resources":{"hostingSite":"web-senac","realtimeDatabaseInstance":"web-senac-default-rtdb"},"state":"ACTIVE","etag":"1_3c7be102-7e71-410c-baaf-52bdafaf2135"}
[info] 
[info] Your public directory is the folder (relative to your project directory) that
[info] will contain Hosting assets to be uploaded with firebase deploy. If you
[info] have a build process for your assets, use your build's output directory.
[info] 
